Info: Generated by version: 19.2 build 57
Info: Starting: Create block symbol file (.bsf)
Info: qsys-generate /home/u78022/streaming_dma_afu/hw/rtl/memory_to_stream_dma_bbb/memory_to_stream_dma_bbb.qsys --block-symbol-file --output-directory=/home/u78022/streaming_dma_afu/hw/rtl/memory_to_stream_dma_bbb/memory_to_stream_dma_bbb --family="Arria 10" --part=10AX115N2F40E2LG
Progress: Loading memory_to_stream_dma_bbb/memory_to_stream_dma_bbb.qsys
Progress: Reading input file
Progress: Adding clock_in [altera_generic_component 1.0]
Progress: Parameterizing module clock_in
Progress: Adding csr_bridge [altera_generic_component 1.0]
Progress: Parameterizing module csr_bridge
Progress: Adding m2s_dispatcher [altera_generic_component 1.0]
Progress: Parameterizing module m2s_dispatcher
Progress: Adding m2s_host_bridge [altera_generic_component 1.0]
Progress: Parameterizing module m2s_host_bridge
Progress: Adding m2s_id [altera_generic_component 1.0]
Progress: Parameterizing module m2s_id
Progress: Adding m2s_mSGDMA_frontend [altera_generic_component 1.0]
Progress: Parameterizing module m2s_mSGDMA_frontend
Progress: Adding m2s_memory_bridge [altera_generic_component 1.0]
Progress: Parameterizing module m2s_memory_bridge
Progress: Adding m2s_read_master [altera_generic_component 1.0]
Progress: Parameterizing module m2s_read_master
Progress: Adding reset_in [altera_generic_component 1.0]
Progress: Parameterizing module reset_in
Progress: Building connections
Progress: Parameterizing connections
Progress: Validating
Progress: Done reading input file
Component Instantiation Warning: memory_to_stream_dma_bbb.clock_in: System Information doesn't match requirements of IP.  Double-click to open System Info tab.
Component Instantiation Warning: memory_to_stream_dma_bbb.m2s_memory_bridge: System Information doesn't match requirements of IP.  Double-click to open System Info tab.
Info: qsys-generate succeeded.
Info: Finished: Create block symbol file (.bsf)
Info: 
Info: Starting: Create HDL design files for synthesis
Info: qsys-generate /home/u78022/streaming_dma_afu/hw/rtl/memory_to_stream_dma_bbb/memory_to_stream_dma_bbb.qsys --synthesis=VERILOG --output-directory=/home/u78022/streaming_dma_afu/hw/rtl/memory_to_stream_dma_bbb/memory_to_stream_dma_bbb --family="Arria 10" --part=10AX115N2F40E2LG
Progress: Loading memory_to_stream_dma_bbb/memory_to_stream_dma_bbb.qsys
Progress: Reading input file
Progress: Adding clock_in [altera_generic_component 1.0]
Progress: Parameterizing module clock_in
Progress: Adding csr_bridge [altera_generic_component 1.0]
Progress: Parameterizing module csr_bridge
Progress: Adding m2s_dispatcher [altera_generic_component 1.0]
Progress: Parameterizing module m2s_dispatcher
Progress: Adding m2s_host_bridge [altera_generic_component 1.0]
Progress: Parameterizing module m2s_host_bridge
Progress: Adding m2s_id [altera_generic_component 1.0]
Progress: Parameterizing module m2s_id
Progress: Adding m2s_mSGDMA_frontend [altera_generic_component 1.0]
Progress: Parameterizing module m2s_mSGDMA_frontend
Progress: Adding m2s_memory_bridge [altera_generic_component 1.0]
Progress: Parameterizing module m2s_memory_bridge
Progress: Adding m2s_read_master [altera_generic_component 1.0]
Progress: Parameterizing module m2s_read_master
Progress: Adding reset_in [altera_generic_component 1.0]
Progress: Parameterizing module reset_in
Progress: Building connections
Progress: Parameterizing connections
Progress: Validating
Progress: Done reading input file
Component Instantiation Warning: memory_to_stream_dma_bbb.clock_in: System Information doesn't match requirements of IP.  Double-click to open System Info tab.
Component Instantiation Warning: memory_to_stream_dma_bbb.m2s_memory_bridge: System Information doesn't match requirements of IP.  Double-click to open System Info tab.
Info: memory_to_stream_dma_bbb: "Transforming system: memory_to_stream_dma_bbb"
Info: memory_to_stream_dma_bbb: "Naming system components in system: memory_to_stream_dma_bbb"
Info: memory_to_stream_dma_bbb: "Processing generation queue"
Info: memory_to_stream_dma_bbb: "Generating: memory_to_stream_dma_bbb"
Info: memory_to_stream_dma_bbb: "Generating: memory_to_stream_dma_bbb_clock_in"
Info: memory_to_stream_dma_bbb: "Generating: memory_to_stream_dma_bbb_csr_bridge"
Info: memory_to_stream_dma_bbb: "Generating: memory_to_stream_dma_bbb_dispatcher"
Info: memory_to_stream_dma_bbb: "Generating: memory_to_stream_dma_bbb_host_bridge"
Info: memory_to_stream_dma_bbb: "Generating: memory_to_stream_dma_bbb_id"
Info: memory_to_stream_dma_bbb: "Generating: memory_to_stream_dma_bbb_mSGDMA_frontend"
Info: memory_to_stream_dma_bbb: "Generating: memory_to_stream_dma_bbb_memory_bridge"
Info: memory_to_stream_dma_bbb: "Generating: memory_to_stream_dma_bbb_dma_read_master"
Info: memory_to_stream_dma_bbb: "Generating: memory_to_stream_dma_bbb_reset_in"
Info: memory_to_stream_dma_bbb: "Generating: memory_to_stream_dma_bbb_altera_mm_interconnect_191_rqdmkcy"
Info: memory_to_stream_dma_bbb: "Generating: memory_to_stream_dma_bbb_altera_mm_interconnect_191_pnzrvai"
Info: memory_to_stream_dma_bbb: "Generating: memory_to_stream_dma_bbb_altera_merlin_master_translator_191_g7h47bq"
Info: memory_to_stream_dma_bbb: "Generating: memory_to_stream_dma_bbb_altera_merlin_slave_translator_191_x56fcki"
Info: memory_to_stream_dma_bbb: "Generating: memory_to_stream_dma_bbb_altera_merlin_master_agent_191_mpbm6tq"
Info: memory_to_stream_dma_bbb: "Generating: memory_to_stream_dma_bbb_altera_merlin_slave_agent_191_ncfkfri"
Info: memory_to_stream_dma_bbb: "Generating: memory_to_stream_dma_bbb_altera_avalon_sc_fifo_191_e5eqkcq"
Info: memory_to_stream_dma_bbb: "Generating: memory_to_stream_dma_bbb_altera_merlin_router_191_evclrta"
Info: memory_to_stream_dma_bbb: "Generating: memory_to_stream_dma_bbb_altera_merlin_router_191_v5p2ypy"
Info: memory_to_stream_dma_bbb: "Generating: memory_to_stream_dma_bbb_altera_merlin_traffic_limiter_191_kcba44q"
Info: my_altera_avalon_sc_fifo_dest_id_fifo: "Generating: my_altera_avalon_sc_fifo_dest_id_fifo"
Info: my_alt_hiconnect_sc_fifo_dest_id_fifo: "Generating: my_alt_hiconnect_sc_fifo_dest_id_fifo"
Info: memory_to_stream_dma_bbb: "Generating: memory_to_stream_dma_bbb_altera_merlin_demultiplexer_191_gkojgdq"
Info: memory_to_stream_dma_bbb: "Generating: memory_to_stream_dma_bbb_altera_merlin_multiplexer_191_sdaeh7a"
Info: memory_to_stream_dma_bbb: "Generating: memory_to_stream_dma_bbb_altera_merlin_demultiplexer_191_exbjyia"
Info: memory_to_stream_dma_bbb: "Generating: memory_to_stream_dma_bbb_altera_merlin_multiplexer_191_aailr5a"
Info: memory_to_stream_dma_bbb: "Generating: memory_to_stream_dma_bbb_altera_merlin_router_191_z72hnva"
Info: memory_to_stream_dma_bbb: "Generating: memory_to_stream_dma_bbb_altera_merlin_router_191_hwe3y6i"
Info: memory_to_stream_dma_bbb: "Generating: memory_to_stream_dma_bbb_altera_merlin_router_191_njn65li"
Info: memory_to_stream_dma_bbb: "Generating: memory_to_stream_dma_bbb_altera_merlin_burst_adapter_191_jrlgc6a"
Info: memory_to_stream_dma_bbb: "Generating: memory_to_stream_dma_bbb_altera_merlin_demultiplexer_191_nkhaloi"
Info: memory_to_stream_dma_bbb: "Generating: memory_to_stream_dma_bbb_altera_merlin_multiplexer_191_o6dp4ji"
Info: memory_to_stream_dma_bbb: "Generating: memory_to_stream_dma_bbb_altera_merlin_demultiplexer_191_fq7dfzq"
Info: memory_to_stream_dma_bbb: "Generating: memory_to_stream_dma_bbb_altera_merlin_multiplexer_191_elhpb2q"
Info: memory_to_stream_dma_bbb: "Generating: memory_to_stream_dma_bbb_altera_merlin_width_adapter_191_lpszkpq"
Info: memory_to_stream_dma_bbb: "Generating: memory_to_stream_dma_bbb_altera_merlin_width_adapter_191_lyl3vmq"
Info: memory_to_stream_dma_bbb: "Generating: memory_to_stream_dma_bbb_altera_merlin_traffic_limiter_191_rogvchi"
Info: memory_to_stream_dma_bbb: "Generating: memory_to_stream_dma_bbb_altera_merlin_traffic_limiter_191_yrmi75q"
Info: memory_to_stream_dma_bbb: "Generating: memory_to_stream_dma_bbb_alt_hiconnect_sc_fifo_191_7qtmpqq"
Info: memory_to_stream_dma_bbb: Done "memory_to_stream_dma_bbb" with 37 modules, 54 files
Info: qsys-generate succeeded.
Info: Finished: Create HDL design files for synthesis
